Using pre-set license
Built from '2022.3/china_unity/release' branch; Version is '2022.3.62f3c1 (1623fc0bbb97) revision 1451004'; Using compiler version '192829333'; Build Type 'Release'
OS: 'Windows 11  (10.0.26100) 64bit CoreCountrySpecific' Language: 'zh' Physical Memory: 16159 MB
BatchMode: 1, IsHumanControllingUs: 0, StartBugReporterOnCrash: 0, Is64bit: 1, IsPro: 1

COMMAND LINE ARGUMENTS:
D:\unity\2022.3.62f3c1\Editor\Unity.exe
-adb2
-batchMode
-noUpm
-name
AssetImportWorker0
-projectPath
F:/attackgit/Ancient-Chinese-Architecture/Chinese Ancient
-logFile
Logs/AssetImportWorker0.log
-srvPort
57933
Successfully changed project path to: F:/attackgit/Ancient-Chinese-Architecture/Chinese Ancient
F:/attackgit/Ancient-Chinese-Architecture/Chinese Ancient
[UnityMemory] Configuration Parameters - Can be set up in boot.config
    "memorysetup-bucket-allocator-granularity=16"
    "memorysetup-bucket-allocator-bucket-count=8"
    "memorysetup-bucket-allocator-block-size=33554432"
    "memorysetup-bucket-allocator-block-count=8"
    "memorysetup-main-allocator-block-size=16777216"
    "memorysetup-thread-allocator-block-size=16777216"
    "memorysetup-gfx-main-allocator-block-size=16777216"
    "memorysetup-gfx-thread-allocator-block-size=16777216"
    "memorysetup-cache-allocator-block-size=4194304"
    "memorysetup-typetree-allocator-block-size=2097152"
    "memorysetup-profiler-bucket-allocator-granularity=16"
    "memorysetup-profiler-bucket-allocator-bucket-count=8"
    "memorysetup-profiler-bucket-allocator-block-size=33554432"
    "memorysetup-profiler-bucket-allocator-block-count=8"
    "memorysetup-profiler-allocator-block-size=16777216"
    "memorysetup-profiler-editor-allocator-block-size=1048576"
    "memorysetup-temp-allocator-size-main=16777216"
    "memorysetup-job-temp-allocator-block-size=2097152"
    "memorysetup-job-temp-allocator-block-size-background=1048576"
    "memorysetup-job-temp-allocator-reduction-small-platforms=262144"
    "memorysetup-allocator-temp-initial-block-size-main=262144"
    "memorysetup-allocator-temp-initial-block-size-worker=262144"
    "memorysetup-temp-allocator-size-background-worker=32768"
    "memorysetup-temp-allocator-size-job-worker=262144"
    "memorysetup-temp-allocator-size-preload-manager=33554432"
    "memorysetup-temp-allocator-size-nav-mesh-worker=65536"
    "memorysetup-temp-allocator-size-audio-worker=65536"
    "memorysetup-temp-allocator-size-cloud-worker=32768"
    "memorysetup-temp-allocator-size-gi-baking-worker=262144"
    "memorysetup-temp-allocator-size-gfx=262144"
Player connection [59124]  Target information:

Player connection [59124]  * "[IP] 172.23.224.228 [Port] 0 [Flags] 2 [Guid] 2509799256 [EditorId] 2509799256 [Version] 1048832 [Id] WindowsEditor(7,yingzi) [Debug] 1 [PackageName] WindowsEditor [ProjectName] Editor" 

Player connection [59124]  * "[IP] 26.223.216.151 [Port] 0 [Flags] 2 [Guid] 2509799256 [EditorId] 2509799256 [Version] 1048832 [Id] WindowsEditor(7,yingzi) [Debug] 1 [PackageName] WindowsEditor [ProjectName] Editor" 

Player connection [59124]  * "[IP] 192.168.6.1 [Port] 0 [Flags] 2 [Guid] 2509799256 [EditorId] 2509799256 [Version] 1048832 [Id] WindowsEditor(7,yingzi) [Debug] 1 [PackageName] WindowsEditor [ProjectName] Editor" 

Player connection [59124]  * "[IP] 192.168.121.1 [Port] 0 [Flags] 2 [Guid] 2509799256 [EditorId] 2509799256 [Version] 1048832 [Id] WindowsEditor(7,yingzi) [Debug] 1 [PackageName] WindowsEditor [ProjectName] Editor" 

Player connection [59124]  * "[IP] 10.10.10.167 [Port] 0 [Flags] 2 [Guid] 2509799256 [EditorId] 2509799256 [Version] 1048832 [Id] WindowsEditor(7,yingzi) [Debug] 1 [PackageName] WindowsEditor [ProjectName] Editor" 

Player connection [59124] Host joined multi-casting on [225.0.0.222:54997]...
Player connection [59124] Host joined alternative multi-casting on [225.0.0.222:34997]...
Input System module state changed to: Initialized.
[PhysX] Initialized MultithreadedTaskDispatcher with 24 workers.
Refreshing native plugins compatible for Editor in 20.79 ms, found 3 plugins.
Preloading 0 native plugins for Editor in 0.00 ms.
Initialize engine version: 2022.3.62f3c1 (1623fc0bbb97)
[Subsystems] Discovering subsystems at path D:/unity/2022.3.62f3c1/Editor/Data/Resources/UnitySubsystems
[Subsystems] Discovering subsystems at path F:/attackgit/Ancient-Chinese-Architecture/Chinese Ancient/Assets
GfxDevice: creating device client; threaded=0; jobified=0
Direct3D:
    Version:  Direct3D 11.0 [level 11.1]
    Renderer: NVIDIA GeForce RTX 4060 Laptop GPU (ID=0x28e0)
    Vendor:   NVIDIA
    VRAM:     7957 MB
    Driver:   32.0.15.6624
Initialize mono
Mono path[0] = 'D:/unity/2022.3.62f3c1/Editor/Data/Managed'
Mono path[1] = 'D:/unity/2022.3.62f3c1/Editor/Data/MonoBleedingEdge/lib/mono/unityjit-win32'
Mono config path = 'D:/unity/2022.3.62f3c1/Editor/Data/MonoBleedingEdge/etc'
Using monoOptions --debugger-agent=transport=dt_socket,embedding=1,server=y,suspend=n,address=127.0.0.1:56444
Begin MonoManager ReloadAssembly
Registering precompiled unity dll's ...
Register platform support module: D:/unity/2022.3.62f3c1/Editor/Data/PlaybackEngines/AndroidPlayer/UnityEditor.Android.Extensions.dll
Register platform support module: D:/unity/2022.3.62f3c1/Editor/Data/PlaybackEngines/WindowsStandaloneSupport/UnityEditor.WindowsStandalone.Extensions.dll
Registered in 0.007754 seconds.
- Loaded All Assemblies, in  0.256 seconds
Native extension for WindowsStandalone target not found
Native extension for Android target not found
Android Extension - Scanning For ADB Devices 392 ms
Mono: successfully reloaded assembly
- Finished resetting the current domain, in  0.590 seconds
Domain Reload Profiling: 845ms
	BeginReloadAssembly (80ms)
		ExecutionOrderSort (0ms)
		DisableScriptedObjects (0ms)
		BackupInstance (0ms)
		ReleaseScriptingObjects (0ms)
		CreateAndSetChildDomain (1ms)
	RebuildCommonClasses (22ms)
	RebuildNativeTypeToScriptingClass (6ms)
	initialDomainReloadingComplete (45ms)
	LoadAllAssembliesAndSetupDomain (101ms)
		LoadAssemblies (79ms)
		RebuildTransferFunctionScriptingTraits (0ms)
		AnalyzeDomain (99ms)
			TypeCache.Refresh (97ms)
				TypeCache.ScanAssembly (88ms)
			ScanForSourceGeneratedMonoScriptInfo (0ms)
			ResolveRequiredComponents (0ms)
	FinalizeReload (590ms)
		ReleaseScriptCaches (0ms)
		RebuildScriptCaches (0ms)
		SetupLoadedEditorAssemblies (560ms)
			LogAssemblyErrors (0ms)
			InitializePlatformSupportModulesInManaged (448ms)
			SetLoadedEditorAssemblies (3ms)
			RefreshPlugins (0ms)
			BeforeProcessingInitializeOnLoad (1ms)
			ProcessInitializeOnLoadAttributes (74ms)
			ProcessInitializeOnLoadMethodAttributes (33ms)
			AfterProcessingInitializeOnLoad (0ms)
			EditorAssembliesLoaded (0ms)
		ExecutionOrderSort2 (0ms)
		AwakeInstancesAfterBackupRestoration (0ms)
========================================================================
Worker process is ready to serve import requests
Caller must complete domain reload
Begin MonoManager ReloadAssembly
- Loaded All Assemblies, in  0.462 seconds
Native extension for WindowsStandalone target not found
Native extension for Android target not found
Mono: successfully reloaded assembly
- Finished resetting the current domain, in  0.480 seconds
Domain Reload Profiling: 936ms
	BeginReloadAssembly (96ms)
		ExecutionOrderSort (0ms)
		DisableScriptedObjects (3ms)
		BackupInstance (0ms)
		ReleaseScriptingObjects (0ms)
		CreateAndSetChildDomain (13ms)
	RebuildCommonClasses (22ms)
	RebuildNativeTypeToScriptingClass (6ms)
	initialDomainReloadingComplete (30ms)
	LoadAllAssembliesAndSetupDomain (301ms)
		LoadAssemblies (238ms)
		RebuildTransferFunctionScriptingTraits (0ms)
		AnalyzeDomain (123ms)
			TypeCache.Refresh (106ms)
				TypeCache.ScanAssembly (95ms)
			ScanForSourceGeneratedMonoScriptInfo (12ms)
			ResolveRequiredComponents (3ms)
	FinalizeReload (480ms)
		ReleaseScriptCaches (0ms)
		RebuildScriptCaches (0ms)
		SetupLoadedEditorAssemblies (390ms)
			LogAssemblyErrors (0ms)
			InitializePlatformSupportModulesInManaged (12ms)
			SetLoadedEditorAssemblies (2ms)
			RefreshPlugins (0ms)
			BeforeProcessingInitializeOnLoad (40ms)
			ProcessInitializeOnLoadAttributes (318ms)
			ProcessInitializeOnLoadMethodAttributes (13ms)
			AfterProcessingInitializeOnLoad (4ms)
			EditorAssembliesLoaded (0ms)
		ExecutionOrderSort2 (0ms)
		AwakeInstancesAfterBackupRestoration (4ms)
Launched and connected shader compiler UnityShaderCompiler.exe after 0.15 seconds
Refreshing native plugins compatible for Editor in 2.33 ms, found 3 plugins.
Preloading 0 native plugins for Editor in 0.00 ms.
Unloading 3279 Unused Serialized files (Serialized files now loaded: 0)
Unloading 19 unused Assets / (55.0 KB). Loaded Objects now: 3748.
Memory consumption went from 127.4 MB to 127.3 MB.
Total: 2.603700 ms (FindLiveObjects: 0.134600 ms CreateObjectMapping: 0.047500 ms MarkObjects: 2.359200 ms  DeleteObjects: 0.061700 ms)

AssetImportParameters requested are different than current active one (requested -> active):
  custom:container-demuxer-ogg: 62fdf1f143b41e24485cea50d1cbac27 -> 
  custom:video-codec-MediaFoundation-h265: 746d11721c4dcdbdad8f713fa42b33f4 -> 
  custom:video-decoder-ogg-theora: a1e56fd34408186e4bbccfd4996cb3dc -> 
  custom:framework-win-MediaFoundation: 216162199b28c13a410421893ffa2e32 -> 
  custom:CustomObjectIndexerAttribute: 9a22284fe3817be447336de3de66b15e -> 
  custom:container-demuxer-webm: 4f35f7cbe854078d1ac9338744f61a02 -> 
  custom:container-muxer-webm: aa71ff27fc2769a1b78a27578f13a17b -> 
  custom:video-decoder-webm-vp8: 9c59270c3fd7afecdb556c50c9e8de78 -> 
  custom:SearchIndexIgnoredProperties: e643bd26f0fe6173181afceb89e7c659 -> 
  custom:AudioImporter_EditorPlatform: d09bf68614088b80899f8185d706f6e7 -> 
  custom:video-encoder-webm-vp8: eb34c28f22e8b96e1ab97ce403110664 -> 
  custom:audio-decoder-ogg-vorbis: bf7c407c2cedff20999df2af8eb42d56 -> 
  custom:audio-encoder-webm-vorbis: bf7c407c2cedff20999df2af8eb42d56 -> 
========================================================================
Received Import Request.
  Time since last request: 127921.123784 seconds.
  path: Assets/Scenes/SampleScene.unity
  artifactKey: Guid(9fc0d4010bbf28b4594072e72b8655ab) Importer(2089858483,0ecaa5967403d082aa24f35e1b516d23)
Start importing Assets/Scenes/SampleScene.unity using Guid(9fc0d4010bbf28b4594072e72b8655ab) Importer(2089858483,0ecaa5967403d082aa24f35e1b516d23) [PhysX] Initialized MultithreadedTaskDispatcher with 24 workers.
 -> (artifact id: '2dd1650d11e4dcd02b81fc82bfe68650') in 0.049533 seconds
Number of updated asset objects reloaded before import = 0
Number of asset objects unloaded after import = 1
========================================================================
Received Import Request.
  Time since last request: 172.743727 seconds.
  path: Assets
  artifactKey: Guid(00000000000000001000000000000000) Importer(815301076,1909f56bfc062723c751e8b465ee728b)
Start importing Assets using Guid(00000000000000001000000000000000) Importer(815301076,1909f56bfc062723c751e8b465ee728b) [PhysX] Initialized MultithreadedTaskDispatcher with 24 workers.
 -> (artifact id: 'ae5280ad91af67e2a353905758f96678') in 0.000535 seconds
Number of updated asset objects reloaded before import = 0
Number of asset objects unloaded after import = 0
========================================================================
Received Import Request.
  Time since last request: 28.681353 seconds.
  path: Assets/Model/Materials/成都百科.mat
  artifactKey: Guid(0a28cd33463c69449a080d8b98d48d56) Importer(2089858483,0ecaa5967403d082aa24f35e1b516d23)
Start importing Assets/Model/Materials/成都百科.mat using Guid(0a28cd33463c69449a080d8b98d48d56) Importer(2089858483,0ecaa5967403d082aa24f35e1b516d23) [PhysX] Initialized MultithreadedTaskDispatcher with 24 workers.
 -> (artifact id: '1372e6fbc7671def7cdc3d00d7aa6b03') in 0.102198 seconds
Number of updated asset objects reloaded before import = 0
Number of asset objects unloaded after import = 1
========================================================================
Received Import Request.
  Time since last request: 0.041006 seconds.
  path: Assets/Model/Materials/Lime._45.mat
  artifactKey: Guid(5cac120ccd38acc4ea4a450e15bada15) Importer(2089858483,0ecaa5967403d082aa24f35e1b516d23)
Start importing Assets/Model/Materials/Lime._45.mat using Guid(5cac120ccd38acc4ea4a450e15bada15) Importer(2089858483,0ecaa5967403d082aa24f35e1b516d23) [PhysX] Initialized MultithreadedTaskDispatcher with 24 workers.
 -> (artifact id: '8fa0c181a63874b9ff137c8714f55b2b') in 0.007406 seconds
Number of updated asset objects reloaded before import = 0
Number of asset objects unloaded after import = 1
========================================================================
Received Import Request.
  Time since last request: 0.067536 seconds.
  path: Assets/Model/tex/dingzhiyi3.jpg
  artifactKey: Guid(346b7d7b1606dd546ba5279bd053eb6f) Importer(2089858483,0ecaa5967403d082aa24f35e1b516d23)
Start importing Assets/Model/tex/dingzhiyi3.jpg using Guid(346b7d7b1606dd546ba5279bd053eb6f) Importer(2089858483,0ecaa5967403d082aa24f35e1b516d23) [PhysX] Initialized MultithreadedTaskDispatcher with 24 workers.
 -> (artifact id: '59b3cebff0664d5d296a7834be02a7a1') in 0.066039 seconds
Number of updated asset objects reloaded before import = 0
Number of asset objects unloaded after import = 1
========================================================================
Received Import Request.
  Time since last request: 0.006407 seconds.
  path: Assets/Model/Materials/Lime._开化香火草龙ddd.mat
  artifactKey: Guid(d151ccc315c9cf641a2537750ba1e2d9) Importer(2089858483,0ecaa5967403d082aa24f35e1b516d23)
Start importing Assets/Model/Materials/Lime._开化香火草龙ddd.mat using Guid(d151ccc315c9cf641a2537750ba1e2d9) Importer(2089858483,0ecaa5967403d082aa24f35e1b516d23) [PhysX] Initialized MultithreadedTaskDispatcher with 24 workers.
 -> (artifact id: 'd862b801366b37d0befb82e25b6f7cea') in 0.009121 seconds
Number of updated asset objects reloaded before import = 0
Number of asset objects unloaded after import = 1
========================================================================
Received Import Request.
  Time since last request: 0.000038 seconds.
  path: Assets/Model/Materials/Lime._ConcreteDirty0204_2_S_g.mat
  artifactKey: Guid(2eb2065554764054fa4fd5550949db04) Importer(2089858483,0ecaa5967403d082aa24f35e1b516d23)
Start importing Assets/Model/Materials/Lime._ConcreteDirty0204_2_S_g.mat using Guid(2eb2065554764054fa4fd5550949db04) Importer(2089858483,0ecaa5967403d082aa24f35e1b516d23) [PhysX] Initialized MultithreadedTaskDispatcher with 24 workers.
 -> (artifact id: '30481ebad9691d39332d20566dbd58ba') in 0.007855 seconds
Number of updated asset objects reloaded before import = 0
Number of asset objects unloaded after import = 1
========================================================================
Received Import Request.
  Time since last request: 0.001279 seconds.
  path: Assets/Model/Materials/Lime._timg (4)545.mat
  artifactKey: Guid(769b8086f1599c749a1adf3629ce77da) Importer(2089858483,0ecaa5967403d082aa24f35e1b516d23)
Start importing Assets/Model/Materials/Lime._timg (4)545.mat using Guid(769b8086f1599c749a1adf3629ce77da) Importer(2089858483,0ecaa5967403d082aa24f35e1b516d23) [PhysX] Initialized MultithreadedTaskDispatcher with 24 workers.
 -> (artifact id: '0b00b5861dbccb8064237981f55032a9') in 0.008418 seconds
Number of updated asset objects reloaded before import = 0
Number of asset objects unloaded after import = 1
========================================================================
Received Import Request.
  Time since last request: 0.000036 seconds.
  path: Assets/Model/Materials/历史保护建筑00444.mat
  artifactKey: Guid(69d813da6da84d4449ac663d428deb91) Importer(2089858483,0ecaa5967403d082aa24f35e1b516d23)
Start importing Assets/Model/Materials/历史保护建筑00444.mat using Guid(69d813da6da84d4449ac663d428deb91) Importer(2089858483,0ecaa5967403d082aa24f35e1b516d23) [PhysX] Initialized MultithreadedTaskDispatcher with 24 workers.
 -> (artifact id: '4d03357ea09b339d954332709f80401e') in 0.007052 seconds
Number of updated asset objects reloaded before import = 0
Number of asset objects unloaded after import = 1
========================================================================
Received Import Request.
  Time since last request: 0.000047 seconds.
  path: Assets/Model/Materials/书架木头.mat
  artifactKey: Guid(73fada2d4de7c684cb75e56c387b0959) Importer(2089858483,0ecaa5967403d082aa24f35e1b516d23)
Start importing Assets/Model/Materials/书架木头.mat using Guid(73fada2d4de7c684cb75e56c387b0959) Importer(2089858483,0ecaa5967403d082aa24f35e1b516d23) [PhysX] Initialized MultithreadedTaskDispatcher with 24 workers.
 -> (artifact id: 'e2a7febffccdff42ac3db6a60af94108') in 0.012974 seconds
Number of updated asset objects reloaded before import = 0
Number of asset objects unloaded after import = 1
========================================================================
Received Import Request.
  Time since last request: 0.000040 seconds.
  path: Assets/Model/Materials/A853EF492F988B697B924547F7B85A1D125097CD_size134_w640_h424.mat
  artifactKey: Guid(d739ff4d49e5c6c4f96a48b5d7f25011) Importer(2089858483,0ecaa5967403d082aa24f35e1b516d23)
Start importing Assets/Model/Materials/A853EF492F988B697B924547F7B85A1D125097CD_size134_w640_h424.mat using Guid(d739ff4d49e5c6c4f96a48b5d7f25011) Importer(2089858483,0ecaa5967403d082aa24f35e1b516d23) [PhysX] Initialized MultithreadedTaskDispatcher with 24 workers.
 -> (artifact id: '291adf074282e33b1eaa601adbfa5da1') in 0.011567 seconds
Number of updated asset objects reloaded before import = 0
Number of asset objects unloaded after import = 1
========================================================================
Received Import Request.
  Time since last request: 0.436334 seconds.
  path: Assets/Model/Materials/Lime._开化香火草龙.mat
  artifactKey: Guid(f9b6ad52b6fd7a846806240ef8c6071a) Importer(2089858483,0ecaa5967403d082aa24f35e1b516d23)
Start importing Assets/Model/Materials/Lime._开化香火草龙.mat using Guid(f9b6ad52b6fd7a846806240ef8c6071a) Importer(2089858483,0ecaa5967403d082aa24f35e1b516d23) [PhysX] Initialized MultithreadedTaskDispatcher with 24 workers.
 -> (artifact id: '0610a417c1938d09416260c26bfe085b') in 0.008365 seconds
Number of updated asset objects reloaded before import = 0
Number of asset objects unloaded after import = 1
========================================================================
Received Import Request.
  Time since last request: 0.000023 seconds.
  path: Assets/Model/Materials/01.mat
  artifactKey: Guid(9c9b9b79c0210404aae9c6aabb0899cd) Importer(2089858483,0ecaa5967403d082aa24f35e1b516d23)
Start importing Assets/Model/Materials/01.mat using Guid(9c9b9b79c0210404aae9c6aabb0899cd) Importer(2089858483,0ecaa5967403d082aa24f35e1b516d23) [PhysX] Initialized MultithreadedTaskDispatcher with 24 workers.
 -> (artifact id: '74b48e43c32910c0dd6881f5ee033981') in 0.007340 seconds
Number of updated asset objects reloaded before import = 0
Number of asset objects unloaded after import = 1
========================================================================
Received Import Request.
  Time since last request: 0.000065 seconds.
  path: Assets/Model/Materials/Lime._香火舞龙333.mat
  artifactKey: Guid(f98f39b8cbd471245b8b667103c87749) Importer(2089858483,0ecaa5967403d082aa24f35e1b516d23)
Start importing Assets/Model/Materials/Lime._香火舞龙333.mat using Guid(f98f39b8cbd471245b8b667103c87749) Importer(2089858483,0ecaa5967403d082aa24f35e1b516d23) [PhysX] Initialized MultithreadedTaskDispatcher with 24 workers.
 -> (artifact id: '2366d18449845f6dfc1129c5a789dd1a') in 0.006867 seconds
Number of updated asset objects reloaded before import = 0
Number of asset objects unloaded after import = 1
========================================================================
Received Import Request.
  Time since last request: 0.000051 seconds.
  path: Assets/Model/tex/zhuan02.jpg
  artifactKey: Guid(709ac48d9738da04db42c57d4dfeba2b) Importer(2089858483,0ecaa5967403d082aa24f35e1b516d23)
Start importing Assets/Model/tex/zhuan02.jpg using Guid(709ac48d9738da04db42c57d4dfeba2b) Importer(2089858483,0ecaa5967403d082aa24f35e1b516d23) [PhysX] Initialized MultithreadedTaskDispatcher with 24 workers.
 -> (artifact id: '2923fed5f742d78f9ceace573a42d2ee') in 0.012484 seconds
Number of updated asset objects reloaded before import = 0
Number of asset objects unloaded after import = 1
========================================================================
Received Import Request.
  Time since last request: 0.000128 seconds.
  path: Assets/Model/Materials/Lime._qweqweqwe02.mat
  artifactKey: Guid(6759585b5da2d3f40bf48427468e41d2) Importer(2089858483,0ecaa5967403d082aa24f35e1b516d23)
Start importing Assets/Model/Materials/Lime._qweqweqwe02.mat using Guid(6759585b5da2d3f40bf48427468e41d2) Importer(2089858483,0ecaa5967403d082aa24f35e1b516d23) [PhysX] Initialized MultithreadedTaskDispatcher with 24 workers.
 -> (artifact id: '9b13753d9a20d9d04320445eae146ded') in 0.048543 seconds
Number of updated asset objects reloaded before import = 0
Number of asset objects unloaded after import = 1
========================================================================
Received Import Request.
  Time since last request: 0.000087 seconds.
  path: Assets/Model/tex/tingzhiyuan_09.jpg
  artifactKey: Guid(f433ab5410dfa7e4d888760c77f4b47c) Importer(2089858483,0ecaa5967403d082aa24f35e1b516d23)
Start importing Assets/Model/tex/tingzhiyuan_09.jpg using Guid(f433ab5410dfa7e4d888760c77f4b47c) Importer(2089858483,0ecaa5967403d082aa24f35e1b516d23) [PhysX] Initialized MultithreadedTaskDispatcher with 24 workers.
 -> (artifact id: '9e0d58dfdd639b9fc58b074d91f32b41') in 0.014500 seconds
Number of updated asset objects reloaded before import = 0
Number of asset objects unloaded after import = 1
========================================================================
Received Import Request.
  Time since last request: 0.000058 seconds.
  path: Assets/Model/Materials/Lime._Material #2123231426.mat
  artifactKey: Guid(fb29d22c2cf290c40aa9c995fda8a035) Importer(2089858483,0ecaa5967403d082aa24f35e1b516d23)
Start importing Assets/Model/Materials/Lime._Material #2123231426.mat using Guid(fb29d22c2cf290c40aa9c995fda8a035) Importer(2089858483,0ecaa5967403d082aa24f35e1b516d23) [PhysX] Initialized MultithreadedTaskDispatcher with 24 workers.
 -> (artifact id: 'ddc01d19482c3ca90f7b3db4fd40b989') in 0.007330 seconds
Number of updated asset objects reloaded before import = 0
Number of asset objects unloaded after import = 1
========================================================================
Received Import Request.
  Time since last request: 0.000074 seconds.
  path: Assets/Model/Materials/t01781d6056db6ba54b.mat
  artifactKey: Guid(44c7ffac5203cc14292fb54a16b7299f) Importer(2089858483,0ecaa5967403d082aa24f35e1b516d23)
Start importing Assets/Model/Materials/t01781d6056db6ba54b.mat using Guid(44c7ffac5203cc14292fb54a16b7299f) Importer(2089858483,0ecaa5967403d082aa24f35e1b516d23) [PhysX] Initialized MultithreadedTaskDispatcher with 24 workers.
 -> (artifact id: 'bad9ca7cbb241fe59878f7a88621d4f1') in 0.010127 seconds
Number of updated asset objects reloaded before import = 0
Number of asset objects unloaded after import = 1
========================================================================
Received Import Request.
  Time since last request: 0.000114 seconds.
  path: Assets/Model/tex/KHFC_06.png
  artifactKey: Guid(ab2d526956663574696eb797190d5c86) Importer(2089858483,0ecaa5967403d082aa24f35e1b516d23)
Start importing Assets/Model/tex/KHFC_06.png using Guid(ab2d526956663574696eb797190d5c86) Importer(2089858483,0ecaa5967403d082aa24f35e1b516d23) [PhysX] Initialized MultithreadedTaskDispatcher with 24 workers.
 -> (artifact id: '3ecd870d56c8ed0fdfa5dc5ed7b76740') in 0.016385 seconds
Number of updated asset objects reloaded before import = 0
Number of asset objects unloaded after import = 1
========================================================================
Received Import Request.
  Time since last request: 0.000032 seconds.
  path: Assets/Model/Materials/Lime._b玻璃锈明.mat
  artifactKey: Guid(370f6243c944b86448ae5c7e76ff8bff) Importer(2089858483,0ecaa5967403d082aa24f35e1b516d23)
Start importing Assets/Model/Materials/Lime._b玻璃锈明.mat using Guid(370f6243c944b86448ae5c7e76ff8bff) Importer(2089858483,0ecaa5967403d082aa24f35e1b516d23) [PhysX] Initialized MultithreadedTaskDispatcher with 24 workers.
 -> (artifact id: '622675a4146961d138b3e7f93d6768b9') in 0.007355 seconds
Number of updated asset objects reloaded before import = 0
Number of asset objects unloaded after import = 1
========================================================================
Received Import Request.
  Time since last request: 0.000035 seconds.
  path: Assets/Model/Materials/defaultMat.mat
  artifactKey: Guid(3ab005890003a954e88c9a9d150423d4) Importer(2089858483,0ecaa5967403d082aa24f35e1b516d23)
Start importing Assets/Model/Materials/defaultMat.mat using Guid(3ab005890003a954e88c9a9d150423d4) Importer(2089858483,0ecaa5967403d082aa24f35e1b516d23) [PhysX] Initialized MultithreadedTaskDispatcher with 24 workers.
 -> (artifact id: 'dc613074401ca347be41c350794f8596') in 0.007130 seconds
Number of updated asset objects reloaded before import = 0
Number of asset objects unloaded after import = 1
========================================================================
Received Import Request.
  Time since last request: 0.000058 seconds.
  path: Assets/Model/tex/wall04.jpg
  artifactKey: Guid(40e55d1242f0fd7449df8e4a88487090) Importer(2089858483,0ecaa5967403d082aa24f35e1b516d23)
Start importing Assets/Model/tex/wall04.jpg using Guid(40e55d1242f0fd7449df8e4a88487090) Importer(2089858483,0ecaa5967403d082aa24f35e1b516d23) [PhysX] Initialized MultithreadedTaskDispatcher with 24 workers.
 -> (artifact id: '14d2969eaa3593327dad75f5a900f149') in 0.017156 seconds
Number of updated asset objects reloaded before import = 0
Number of asset objects unloaded after import = 1
========================================================================
Received Import Request.
  Time since last request: 0.000031 seconds.
  path: Assets/Model/tex/huzhongqiao.jpg
  artifactKey: Guid(56c8e530375e2c046830969605ef84fe) Importer(2089858483,0ecaa5967403d082aa24f35e1b516d23)
Start importing Assets/Model/tex/huzhongqiao.jpg using Guid(56c8e530375e2c046830969605ef84fe) Importer(2089858483,0ecaa5967403d082aa24f35e1b516d23) [PhysX] Initialized MultithreadedTaskDispatcher with 24 workers.
 -> (artifact id: 'c34db65a792457c4e7e4c4f88f8a7714') in 0.016715 seconds
Number of updated asset objects reloaded before import = 0
Number of asset objects unloaded after import = 1
========================================================================
Received Import Request.
  Time since last request: 0.000049 seconds.
  path: Assets/Model/Materials/Lime._新中式美陈ff_142.mat
  artifactKey: Guid(d87e9efb65e7b9c4cbb50571c54df3f5) Importer(2089858483,0ecaa5967403d082aa24f35e1b516d23)
Start importing Assets/Model/Materials/Lime._新中式美陈ff_142.mat using Guid(d87e9efb65e7b9c4cbb50571c54df3f5) Importer(2089858483,0ecaa5967403d082aa24f35e1b516d23) [PhysX] Initialized MultithreadedTaskDispatcher with 24 workers.
 -> (artifact id: '4167aa2863bc4db7f02b211a8cb3c77a') in 0.006733 seconds
Number of updated asset objects reloaded before import = 0
Number of asset objects unloaded after import = 1
========================================================================
Received Import Request.
  Time since last request: 0.000257 seconds.
  path: Assets/Model/Materials/1-03-01.mat
  artifactKey: Guid(11dc927bc76f17748b8947b496775c2b) Importer(2089858483,0ecaa5967403d082aa24f35e1b516d23)
Start importing Assets/Model/Materials/1-03-01.mat using Guid(11dc927bc76f17748b8947b496775c2b) Importer(2089858483,0ecaa5967403d082aa24f35e1b516d23) [PhysX] Initialized MultithreadedTaskDispatcher with 24 workers.
 -> (artifact id: 'c46ca2c88da8841493d63349f0dd0453') in 0.006651 seconds
Number of updated asset objects reloaded before import = 0
Number of asset objects unloaded after import = 1
========================================================================
Received Import Request.
  Time since last request: 0.000040 seconds.
  path: Assets/Model/Materials/Lime._窗玻eere55.mat
  artifactKey: Guid(c92dbb43ad34cd144a39894f8c0ff47d) Importer(2089858483,0ecaa5967403d082aa24f35e1b516d23)
Start importing Assets/Model/Materials/Lime._窗玻eere55.mat using Guid(c92dbb43ad34cd144a39894f8c0ff47d) Importer(2089858483,0ecaa5967403d082aa24f35e1b516d23) [PhysX] Initialized MultithreadedTaskDispatcher with 24 workers.
 -> (artifact id: '45ba183b513909e0f2cb81eed62c216f') in 0.006294 seconds
Number of updated asset objects reloaded before import = 0
Number of asset objects unloaded after import = 1
========================================================================
Received Import Request.
  Time since last request: 0.000031 seconds.
  path: Assets/Model/Materials/Lime._Material #3.mat
  artifactKey: Guid(a1a6c93d292c7594b857689af22f8296) Importer(2089858483,0ecaa5967403d082aa24f35e1b516d23)
Start importing Assets/Model/Materials/Lime._Material #3.mat using Guid(a1a6c93d292c7594b857689af22f8296) Importer(2089858483,0ecaa5967403d082aa24f35e1b516d23) [PhysX] Initialized MultithreadedTaskDispatcher with 24 workers.
 -> (artifact id: '05a31ae84ba350d12750e880b275f868') in 0.007664 seconds
Number of updated asset objects reloaded before import = 0
Number of asset objects unloaded after import = 1
========================================================================
Received Import Request.
  Time since last request: 0.000036 seconds.
  path: Assets/Model/Materials/木－黑胡桃1.mat
  artifactKey: Guid(cba3b00d95e9fc2448d504384a6b5455) Importer(2089858483,0ecaa5967403d082aa24f35e1b516d23)
Start importing Assets/Model/Materials/木－黑胡桃1.mat using Guid(cba3b00d95e9fc2448d504384a6b5455) Importer(2089858483,0ecaa5967403d082aa24f35e1b516d23) [PhysX] Initialized MultithreadedTaskDispatcher with 24 workers.
 -> (artifact id: '30c5f01006754cb21761361f64bd9d90') in 0.006504 seconds
Number of updated asset objects reloaded before import = 0
Number of asset objects unloaded after import = 1
========================================================================
Received Import Request.
  Time since last request: 0.000031 seconds.
  path: Assets/Model/Materials/img_5_2049177384x2844798369_26.mat
  artifactKey: Guid(6b83535554a791f4191471d516fd7532) Importer(2089858483,0ecaa5967403d082aa24f35e1b516d23)
Start importing Assets/Model/Materials/img_5_2049177384x2844798369_26.mat using Guid(6b83535554a791f4191471d516fd7532) Importer(2089858483,0ecaa5967403d082aa24f35e1b516d23) [PhysX] Initialized MultithreadedTaskDispatcher with 24 workers.
 -> (artifact id: 'fdf2d3bfab357b0161ddd0b8b64c240f') in 0.006066 seconds
Number of updated asset objects reloaded before import = 0
Number of asset objects unloaded after import = 1
========================================================================
Received Import Request.
  Time since last request: 0.000093 seconds.
  path: Assets/Model/Materials/Lime._5713677_104924743155_2.mat
  artifactKey: Guid(097ebeaba67f42d4f82b0267119af800) Importer(2089858483,0ecaa5967403d082aa24f35e1b516d23)
Start importing Assets/Model/Materials/Lime._5713677_104924743155_2.mat using Guid(097ebeaba67f42d4f82b0267119af800) Importer(2089858483,0ecaa5967403d082aa24f35e1b516d23) [PhysX] Initialized MultithreadedTaskDispatcher with 24 workers.
 -> (artifact id: '28042d3fadab9555e6034a61d31ff2d2') in 0.008502 seconds
Number of updated asset objects reloaded before import = 0
Number of asset objects unloaded after import = 1
========================================================================
Received Import Request.
  Time since last request: 0.000286 seconds.
  path: Assets/Model/Materials/Lime._dimianfwf.mat
  artifactKey: Guid(f95d9992b76953e4eabc2411deb782c3) Importer(2089858483,0ecaa5967403d082aa24f35e1b516d23)
Start importing Assets/Model/Materials/Lime._dimianfwf.mat using Guid(f95d9992b76953e4eabc2411deb782c3) Importer(2089858483,0ecaa5967403d082aa24f35e1b516d23) [PhysX] Initialized MultithreadedTaskDispatcher with 24 workers.
 -> (artifact id: 'c49ca3fa362d578d151dffd7974ff96e') in 0.007745 seconds
Number of updated asset objects reloaded before import = 0
Number of asset objects unloaded after import = 1
========================================================================
Received Import Request.
  Time since last request: 0.000034 seconds.
  path: Assets/Model/Materials/制纸技艺.mat
  artifactKey: Guid(483d6306bc5238f4cb108aedf87f556e) Importer(2089858483,0ecaa5967403d082aa24f35e1b516d23)
Start importing Assets/Model/Materials/制纸技艺.mat using Guid(483d6306bc5238f4cb108aedf87f556e) Importer(2089858483,0ecaa5967403d082aa24f35e1b516d23) [PhysX] Initialized MultithreadedTaskDispatcher with 24 workers.
 -> (artifact id: '3a067da7f67639b6efea582573ea085e') in 0.006291 seconds
Number of updated asset objects reloaded before import = 0
Number of asset objects unloaded after import = 1
========================================================================
Received Import Request.
  Time since last request: 0.000031 seconds.
  path: Assets/Model/Materials/Lime._mwmw.cn_66_002.mat
  artifactKey: Guid(c85eb87b9aa2024469a0be54eb2ce83b) Importer(2089858483,0ecaa5967403d082aa24f35e1b516d23)
Start importing Assets/Model/Materials/Lime._mwmw.cn_66_002.mat using Guid(c85eb87b9aa2024469a0be54eb2ce83b) Importer(2089858483,0ecaa5967403d082aa24f35e1b516d23) [PhysX] Initialized MultithreadedTaskDispatcher with 24 workers.
 -> (artifact id: '879a38ed223cf6f016d73132c98fcc45') in 0.008110 seconds
Number of updated asset objects reloaded before import = 0
Number of asset objects unloaded after import = 1
========================================================================
Received Import Request.
  Time since last request: 0.000029 seconds.
  path: Assets/Model/tex/YZY-09.jpg
  artifactKey: Guid(b82f60fd8f6f6ce45b94099409b2e7e7) Importer(2089858483,0ecaa5967403d082aa24f35e1b516d23)
Start importing Assets/Model/tex/YZY-09.jpg using Guid(b82f60fd8f6f6ce45b94099409b2e7e7) Importer(2089858483,0ecaa5967403d082aa24f35e1b516d23) [PhysX] Initialized MultithreadedTaskDispatcher with 24 workers.
 -> (artifact id: '16212fe66157df84feb34522deec0fb1') in 0.014172 seconds
Number of updated asset objects reloaded before import = 0
Number of asset objects unloaded after import = 1
========================================================================
Received Import Request.
  Time since last request: 0.000080 seconds.
  path: Assets/Model/Materials/wewe.mat
  artifactKey: Guid(71497e922b53c2e4fa6fc1d2c6cced92) Importer(2089858483,0ecaa5967403d082aa24f35e1b516d23)
Start importing Assets/Model/Materials/wewe.mat using Guid(71497e922b53c2e4fa6fc1d2c6cced92) Importer(2089858483,0ecaa5967403d082aa24f35e1b516d23) [PhysX] Initialized MultithreadedTaskDispatcher with 24 workers.
 -> (artifact id: '863670f20948e1be04fb2413685f0afe') in 0.006465 seconds
Number of updated asset objects reloaded before import = 0
Number of asset objects unloaded after import = 1
========================================================================
Received Import Request.
  Time since last request: 0.000027 seconds.
  path: Assets/Model/Materials/Lime._wreff.mat
  artifactKey: Guid(f25f5a2a86764f0488ba963160062d24) Importer(2089858483,0ecaa5967403d082aa24f35e1b516d23)
Start importing Assets/Model/Materials/Lime._wreff.mat using Guid(f25f5a2a86764f0488ba963160062d24) Importer(2089858483,0ecaa5967403d082aa24f35e1b516d23) [PhysX] Initialized MultithreadedTaskDispatcher with 24 workers.
 -> (artifact id: '235ee25553193e4d5d9dfefde4c995f0') in 0.006937 seconds
Number of updated asset objects reloaded before import = 0
Number of asset objects unloaded after import = 1
========================================================================
Received Import Request.
  Time since last request: 0.000035 seconds.
  path: Assets/Model/Materials/kongzi.mat
  artifactKey: Guid(c4eb6fdb023d42f4b88dcf12524e99db) Importer(2089858483,0ecaa5967403d082aa24f35e1b516d23)
Start importing Assets/Model/Materials/kongzi.mat using Guid(c4eb6fdb023d42f4b88dcf12524e99db) Importer(2089858483,0ecaa5967403d082aa24f35e1b516d23) [PhysX] Initialized MultithreadedTaskDispatcher with 24 workers.
 -> (artifact id: 'c593c45d72625c217f021c8fee297b07') in 0.006373 seconds
Number of updated asset objects reloaded before import = 0
Number of asset objects unloaded after import = 1
========================================================================
Received Import Request.
  Time since last request: 0.000027 seconds.
  path: Assets/Model/Materials/Lime._鎏金字贴图.mat
  artifactKey: Guid(c7006afe6e1ce5c45b54ffa4894330ff) Importer(2089858483,0ecaa5967403d082aa24f35e1b516d23)
Start importing Assets/Model/Materials/Lime._鎏金字贴图.mat using Guid(c7006afe6e1ce5c45b54ffa4894330ff) Importer(2089858483,0ecaa5967403d082aa24f35e1b516d23) [PhysX] Initialized MultithreadedTaskDispatcher with 24 workers.
 -> (artifact id: '78978b91b62ec5addcd351676bbce849') in 0.009579 seconds
Number of updated asset objects reloaded before import = 0
Number of asset objects unloaded after import = 1
========================================================================
Received Import Request.
  Time since last request: 0.000028 seconds.
  path: Assets/Model/Materials/t01f28bc156a05e1cc5.mat
  artifactKey: Guid(4041da57b2bbd0741acb507aa9ab8971) Importer(2089858483,0ecaa5967403d082aa24f35e1b516d23)
Start importing Assets/Model/Materials/t01f28bc156a05e1cc5.mat using Guid(4041da57b2bbd0741acb507aa9ab8971) Importer(2089858483,0ecaa5967403d082aa24f35e1b516d23) [PhysX] Initialized MultithreadedTaskDispatcher with 24 workers.
 -> (artifact id: 'c09d7e8d044f0e4b01715dd3ef053cce') in 0.006468 seconds
Number of updated asset objects reloaded before import = 0
Number of asset objects unloaded after import = 1
========================================================================
Received Import Request.
  Time since last request: 0.000034 seconds.
  path: Assets/Model/Materials/黄色85.mat
  artifactKey: Guid(7ba1a89c23db2154aad2c980b7babc9c) Importer(2089858483,0ecaa5967403d082aa24f35e1b516d23)
Start importing Assets/Model/Materials/黄色85.mat using Guid(7ba1a89c23db2154aad2c980b7babc9c) Importer(2089858483,0ecaa5967403d082aa24f35e1b516d23) [PhysX] Initialized MultithreadedTaskDispatcher with 24 workers.
 -> (artifact id: 'adbabe9726a228b0a822f33bc4eee1c3') in 0.008135 seconds
Number of updated asset objects reloaded before import = 0
Number of asset objects unloaded after import = 1
========================================================================
Received Import Request.
  Time since last request: 0.000029 seconds.
  path: Assets/Model/Materials/屏幕贴图2 (2).mat
  artifactKey: Guid(e2eb47a98de6a2748bbaf75df0e9e253) Importer(2089858483,0ecaa5967403d082aa24f35e1b516d23)
Start importing Assets/Model/Materials/屏幕贴图2 (2).mat using Guid(e2eb47a98de6a2748bbaf75df0e9e253) Importer(2089858483,0ecaa5967403d082aa24f35e1b516d23) [PhysX] Initialized MultithreadedTaskDispatcher with 24 workers.
 -> (artifact id: 'e06ac3724fa8c9c19a94ff399b45ad31') in 0.006861 seconds
Number of updated asset objects reloaded before import = 0
Number of asset objects unloaded after import = 1
========================================================================
Received Import Request.
  Time since last request: 0.000033 seconds.
  path: Assets/Model/tex
  artifactKey: Guid(6d6c761626e7f1b4e984775f642e8944) Importer(2089858483,0ecaa5967403d082aa24f35e1b516d23)
Start importing Assets/Model/tex using Guid(6d6c761626e7f1b4e984775f642e8944) Importer(2089858483,0ecaa5967403d082aa24f35e1b516d23) [PhysX] Initialized MultithreadedTaskDispatcher with 24 workers.
 -> (artifact id: 'b79869dad64415817bd03ea0d956d703') in 0.004526 seconds
Number of updated asset objects reloaded before import = 0
Number of asset objects unloaded after import = 1
========================================================================
Received Import Request.
  Time since last request: 0.000093 seconds.
  path: Assets/Model/tex/zhuan04.jpg
  artifactKey: Guid(0096cf0f3f6b9714d882ba90eb53eb30) Importer(2089858483,0ecaa5967403d082aa24f35e1b516d23)
Start importing Assets/Model/tex/zhuan04.jpg using Guid(0096cf0f3f6b9714d882ba90eb53eb30) Importer(2089858483,0ecaa5967403d082aa24f35e1b516d23) [PhysX] Initialized MultithreadedTaskDispatcher with 24 workers.
 -> (artifact id: '8d5545ad7a32469495a97a01c93faa2c') in 0.014270 seconds
Number of updated asset objects reloaded before import = 0
Number of asset objects unloaded after import = 1
========================================================================
Received Import Request.
  Time since last request: 0.000115 seconds.
  path: Assets/Model/Materials/开化制纸技艺---2.mat
  artifactKey: Guid(e98c3f6668f92e242a42b300c1372ae1) Importer(2089858483,0ecaa5967403d082aa24f35e1b516d23)
Start importing Assets/Model/Materials/开化制纸技艺---2.mat using Guid(e98c3f6668f92e242a42b300c1372ae1) Importer(2089858483,0ecaa5967403d082aa24f35e1b516d23) [PhysX] Initialized MultithreadedTaskDispatcher with 24 workers.
 -> (artifact id: '746743d5c43cc2d07de02839280775af') in 0.007508 seconds
Number of updated asset objects reloaded before import = 0
Number of asset objects unloaded after import = 1
========================================================================
Received Import Request.
  Time since last request: 0.000032 seconds.
  path: Assets/Model/tex/tingzhiyuan_01.jpg
  artifactKey: Guid(c94acd4091bc710498a2ed983e007f23) Importer(2089858483,0ecaa5967403d082aa24f35e1b516d23)
Start importing Assets/Model/tex/tingzhiyuan_01.jpg using Guid(c94acd4091bc710498a2ed983e007f23) Importer(2089858483,0ecaa5967403d082aa24f35e1b516d23) [PhysX] Initialized MultithreadedTaskDispatcher with 24 workers.
 -> (artifact id: '8d063f3d7a1d3ce07cc60489bea7721f') in 0.016532 seconds
Number of updated asset objects reloaded before import = 0
Number of asset objects unloaded after import = 1
========================================================================
Received Import Request.
  Time since last request: 0.000032 seconds.
  path: Assets/Model/Materials/wed.mat
  artifactKey: Guid(ac704236dc4642a4e881e89f7413aea7) Importer(2089858483,0ecaa5967403d082aa24f35e1b516d23)
Start importing Assets/Model/Materials/wed.mat using Guid(ac704236dc4642a4e881e89f7413aea7) Importer(2089858483,0ecaa5967403d082aa24f35e1b516d23) [PhysX] Initialized MultithreadedTaskDispatcher with 24 workers.
 -> (artifact id: '43248f4a62ec4e917dabe1a5a5b90033') in 0.007396 seconds
Number of updated asset objects reloaded before import = 0
Number of asset objects unloaded after import = 1
========================================================================
Received Import Request.
  Time since last request: 0.000037 seconds.
  path: Assets/Model/Materials/99.mat
  artifactKey: Guid(6422796686b596c4b9d93b8ed600f779) Importer(2089858483,0ecaa5967403d082aa24f35e1b516d23)
Start importing Assets/Model/Materials/99.mat using Guid(6422796686b596c4b9d93b8ed600f779) Importer(2089858483,0ecaa5967403d082aa24f35e1b516d23) [PhysX] Initialized MultithreadedTaskDispatcher with 24 workers.
 -> (artifact id: '443032caeabd5155d1616389df2d1b7a') in 0.007540 seconds
Number of updated asset objects reloaded before import = 0
Number of asset objects unloaded after import = 1
========================================================================
Received Import Request.
  Time since last request: 0.000049 seconds.
  path: Assets/Model/Materials/砚台笔墨.mat
  artifactKey: Guid(6dbed94c5b1a3c54dae6b5f6db8d1821) Importer(2089858483,0ecaa5967403d082aa24f35e1b516d23)
Start importing Assets/Model/Materials/砚台笔墨.mat using Guid(6dbed94c5b1a3c54dae6b5f6db8d1821) Importer(2089858483,0ecaa5967403d082aa24f35e1b516d23) [PhysX] Initialized MultithreadedTaskDispatcher with 24 workers.
 -> (artifact id: '6de4952a662ac150f1c13c1d14421194') in 0.006792 seconds
Number of updated asset objects reloaded before import = 0
Number of asset objects unloaded after import = 1
========================================================================
Received Import Request.
  Time since last request: 0.000081 seconds.
  path: Assets/Model/Materials/Lime._Lime._方贴砖.mat
  artifactKey: Guid(ffba6dcda63fb1345a1a4d0e3a8a001f) Importer(2089858483,0ecaa5967403d082aa24f35e1b516d23)
Start importing Assets/Model/Materials/Lime._Lime._方贴砖.mat using Guid(ffba6dcda63fb1345a1a4d0e3a8a001f) Importer(2089858483,0ecaa5967403d082aa24f35e1b516d23) [PhysX] Initialized MultithreadedTaskDispatcher with 24 workers.
 -> (artifact id: 'b3cee6a79ee5c4a0aa23b4446692087a') in 0.007503 seconds
Number of updated asset objects reloaded before import = 0
Number of asset objects unloaded after import = 1
========================================================================
Received Import Request.
  Time since last request: 0.000058 seconds.
  path: Assets/Model/Materials/ert4444.mat
  artifactKey: Guid(21172ac2823a6794caee9e264e01a952) Importer(2089858483,0ecaa5967403d082aa24f35e1b516d23)
Start importing Assets/Model/Materials/ert4444.mat using Guid(21172ac2823a6794caee9e264e01a952) Importer(2089858483,0ecaa5967403d082aa24f35e1b516d23) [PhysX] Initialized MultithreadedTaskDispatcher with 24 workers.
 -> (artifact id: 'ecd227e29572bc2e22f2224f6ef322f5') in 0.007040 seconds
Number of updated asset objects reloaded before import = 0
Number of asset objects unloaded after import = 1
========================================================================
Received Import Request.
  Time since last request: 0.000024 seconds.
  path: Assets/Model/Materials/jj白墙.mat
  artifactKey: Guid(9479d0c383eb79a40936bc52a55943a8) Importer(2089858483,0ecaa5967403d082aa24f35e1b516d23)
Start importing Assets/Model/Materials/jj白墙.mat using Guid(9479d0c383eb79a40936bc52a55943a8) Importer(2089858483,0ecaa5967403d082aa24f35e1b516d23) [PhysX] Initialized MultithreadedTaskDispatcher with 24 workers.
 -> (artifact id: '9c9f086997d3ccc4cbb1e46b304e1538') in 0.006407 seconds
Number of updated asset objects reloaded before import = 0
Number of asset objects unloaded after import = 1
========================================================================
Received Import Request.
  Time since last request: 0.000091 seconds.
  path: Assets/Model/tex/fangcong_fangzi02.jpg
  artifactKey: Guid(a439ba67436849b44bcd58196f238ca1) Importer(2089858483,0ecaa5967403d082aa24f35e1b516d23)
Start importing Assets/Model/tex/fangcong_fangzi02.jpg using Guid(a439ba67436849b44bcd58196f238ca1) Importer(2089858483,0ecaa5967403d082aa24f35e1b516d23) [PhysX] Initialized MultithreadedTaskDispatcher with 24 workers.
 -> (artifact id: 'fe83c71a5f8a710584c1ce86daf9b1bf') in 0.013825 seconds
Number of updated asset objects reloaded before import = 0
Number of asset objects unloaded after import = 1
========================================================================
Received Import Request.
  Time since last request: 0.000050 seconds.
  path: Assets/Model/Materials/Lime._30.mat
  artifactKey: Guid(c58261b515dc4134e9c5b0fb28793e3b) Importer(2089858483,0ecaa5967403d082aa24f35e1b516d23)
Start importing Assets/Model/Materials/Lime._30.mat using Guid(c58261b515dc4134e9c5b0fb28793e3b) Importer(2089858483,0ecaa5967403d082aa24f35e1b516d23) [PhysX] Initialized MultithreadedTaskDispatcher with 24 workers.
 -> (artifact id: '98644a50d92b004098fd7ae05dd3473b') in 0.007700 seconds
Number of updated asset objects reloaded before import = 0
Number of asset objects unloaded after import = 1
========================================================================
Received Import Request.
  Time since last request: 0.000084 seconds.
  path: Assets/Model/Materials/t01ff27de70a4aa7e44.mat
  artifactKey: Guid(883d7aad35b1c5d4e994b0e3ce3a0826) Importer(2089858483,0ecaa5967403d082aa24f35e1b516d23)
Start importing Assets/Model/Materials/t01ff27de70a4aa7e44.mat using Guid(883d7aad35b1c5d4e994b0e3ce3a0826) Importer(2089858483,0ecaa5967403d082aa24f35e1b516d23) [PhysX] Initialized MultithreadedTaskDispatcher with 24 workers.
 -> (artifact id: '80fed8c45a514f0e1063d0f6b6795d1a') in 0.008458 seconds
Number of updated asset objects reloaded before import = 0
Number of asset objects unloaded after import = 1
========================================================================
Received Import Request.
  Time since last request: 0.000029 seconds.
  path: Assets/Model/Materials/1楼-立面08-历史名城保护2-02.mat
  artifactKey: Guid(56aa2eb58af1ba74c9991590522eaad6) Importer(2089858483,0ecaa5967403d082aa24f35e1b516d23)
Start importing Assets/Model/Materials/1楼-立面08-历史名城保护2-02.mat using Guid(56aa2eb58af1ba74c9991590522eaad6) Importer(2089858483,0ecaa5967403d082aa24f35e1b516d23) [PhysX] Initialized MultithreadedTaskDispatcher with 24 workers.
 -> (artifact id: 'bce123a50b724e86cc4633ab31789d67') in 0.008489 seconds
Number of updated asset objects reloaded before import = 0
Number of asset objects unloaded after import = 1
========================================================================
Received Import Request.
  Time since last request: 0.000044 seconds.
  path: Assets/Model/Materials/Lime._Diff_木板04.mat
  artifactKey: Guid(78b8225f5842cdf47a2c238ac9a3e737) Importer(2089858483,0ecaa5967403d082aa24f35e1b516d23)
Start importing Assets/Model/Materials/Lime._Diff_木板04.mat using Guid(78b8225f5842cdf47a2c238ac9a3e737) Importer(2089858483,0ecaa5967403d082aa24f35e1b516d23) [PhysX] Initialized MultithreadedTaskDispatcher with 24 workers.
 -> (artifact id: 'f55fd99fe212ecf9b0f6804f3830ee82') in 0.010503 seconds
Number of updated asset objects reloaded before import = 0
Number of asset objects unloaded after import = 1
========================================================================
Received Import Request.
  Time since last request: 0.000036 seconds.
  path: Assets/Model/Materials/Lime._3d66Model-544077-files-26.mat
  artifactKey: Guid(55f09ab5ea7838e4a80eb723d58fc6ca) Importer(2089858483,0ecaa5967403d082aa24f35e1b516d23)
Start importing Assets/Model/Materials/Lime._3d66Model-544077-files-26.mat using Guid(55f09ab5ea7838e4a80eb723d58fc6ca) Importer(2089858483,0ecaa5967403d082aa24f35e1b516d23) [PhysX] Initialized MultithreadedTaskDispatcher with 24 workers.
 -> (artifact id: '2e4c8e498612bdde747be3fa114e3dd2') in 0.054156 seconds
Number of updated asset objects reloaded before import = 0
Number of asset objects unloaded after import = 1
========================================================================
Received Import Request.
  Time since last request: 0.000030 seconds.
  path: Assets/Model/Materials
  artifactKey: Guid(2237ec7d3161f324aa3f0efb26506f52) Importer(2089858483,0ecaa5967403d082aa24f35e1b516d23)
Start importing Assets/Model/Materials using Guid(2237ec7d3161f324aa3f0efb26506f52) Importer(2089858483,0ecaa5967403d082aa24f35e1b516d23) [PhysX] Initialized MultithreadedTaskDispatcher with 24 workers.
 -> (artifact id: '9becbc8d5116c563dd2e68c70f0f2b7b') in 0.005710 seconds
Number of updated asset objects reloaded before import = 0
Number of asset objects unloaded after import = 1
========================================================================
Received Import Request.
  Time since last request: 0.000043 seconds.
  path: Assets/Model/Materials/Lime._werault.mat
  artifactKey: Guid(9fe4b49102742424bbb3f7b392f489e1) Importer(2089858483,0ecaa5967403d082aa24f35e1b516d23)
Start importing Assets/Model/Materials/Lime._werault.mat using Guid(9fe4b49102742424bbb3f7b392f489e1) Importer(2089858483,0ecaa5967403d082aa24f35e1b516d23) [PhysX] Initialized MultithreadedTaskDispatcher with 24 workers.
 -> (artifact id: '032c556c0112cd63e1dcc63a49d0e12a') in 0.007154 seconds
Number of updated asset objects reloaded before import = 0
Number of asset objects unloaded after import = 1
========================================================================
Received Import Request.
  Time since last request: 0.000029 seconds.
  path: Assets/Model/tex/cezhiyi.jpg
  artifactKey: Guid(3bc9caa79b4623a46b5c2a323f0191d6) Importer(2089858483,0ecaa5967403d082aa24f35e1b516d23)
Start importing Assets/Model/tex/cezhiyi.jpg using Guid(3bc9caa79b4623a46b5c2a323f0191d6) Importer(2089858483,0ecaa5967403d082aa24f35e1b516d23) [PhysX] Initialized MultithreadedTaskDispatcher with 24 workers.
 -> (artifact id: '4fce978ec22342460df506a97907be96') in 0.013558 seconds
Number of updated asset objects reloaded before import = 0
Number of asset objects unloaded after import = 1
========================================================================
Received Import Request.
  Time since last request: 0.000037 seconds.
  path: Assets/Model/Materials/1-03-04.mat
  artifactKey: Guid(3c5c6bf999876e54fa3d00ef3fae70fa) Importer(2089858483,0ecaa5967403d082aa24f35e1b516d23)
Start importing Assets/Model/Materials/1-03-04.mat using Guid(3c5c6bf999876e54fa3d00ef3fae70fa) Importer(2089858483,0ecaa5967403d082aa24f35e1b516d23) [PhysX] Initialized MultithreadedTaskDispatcher with 24 workers.
 -> (artifact id: '37ba20cae24b1e885fc6875c1645193c') in 0.009937 seconds
Number of updated asset objects reloaded before import = 0
Number of asset objects unloaded after import = 1
========================================================================
Received Import Request.
  Time since last request: 0.000033 seconds.
  path: Assets/Model/Materials/历史复原模型.mat
  artifactKey: Guid(45babab5c3a96d745b971682b54c11ed) Importer(2089858483,0ecaa5967403d082aa24f35e1b516d23)
Start importing Assets/Model/Materials/历史复原模型.mat using Guid(45babab5c3a96d745b971682b54c11ed) Importer(2089858483,0ecaa5967403d082aa24f35e1b516d23) [PhysX] Initialized MultithreadedTaskDispatcher with 24 workers.
 -> (artifact id: 'b8aa650ea8a52744d52de518bd60a8ff') in 0.007271 seconds
Number of updated asset objects reloaded before import = 0
Number of asset objects unloaded after import = 1
========================================================================
Received Import Request.
  Time since last request: 0.000037 seconds.
  path: Assets/Model/Materials/Lime._方贴砖.mat
  artifactKey: Guid(437f18135fadaa74fb67e46dfab4b92a) Importer(2089858483,0ecaa5967403d082aa24f35e1b516d23)
Start importing Assets/Model/Materials/Lime._方贴砖.mat using Guid(437f18135fadaa74fb67e46dfab4b92a) Importer(2089858483,0ecaa5967403d082aa24f35e1b516d23) [PhysX] Initialized MultithreadedTaskDispatcher with 24 workers.
 -> (artifact id: 'df9f0781c43342df2a06353f575b2ed3') in 0.013581 seconds
Number of updated asset objects reloaded before import = 0
Number of asset objects unloaded after import = 1
========================================================================
Received Import Request.
  Time since last request: 0.000036 seconds.
  path: Assets/Model/Materials/摄图网_500404004_中国风水墨山水画背景（非企业商用）.mat
  artifactKey: Guid(04399487a18ffc648bc7956832441c7d) Importer(2089858483,0ecaa5967403d082aa24f35e1b516d23)
Start importing Assets/Model/Materials/摄图网_500404004_中国风水墨山水画背景（非企业商用）.mat using Guid(04399487a18ffc648bc7956832441c7d) Importer(2089858483,0ecaa5967403d082aa24f35e1b516d23) [PhysX] Initialized MultithreadedTaskDispatcher with 24 workers.
 -> (artifact id: '9f6453ff7dc23c6856bb7549f7171b77') in 0.007366 seconds
Number of updated asset objects reloaded before import = 0
Number of asset objects unloaded after import = 1
========================================================================
Received Import Request.
  Time since last request: 0.000111 seconds.
  path: Assets/Model/tex/zhuan03.jpg
  artifactKey: Guid(f1fa449f1e27bd04ab4bb729f9611395) Importer(2089858483,0ecaa5967403d082aa24f35e1b516d23)
Start importing Assets/Model/tex/zhuan03.jpg using Guid(f1fa449f1e27bd04ab4bb729f9611395) Importer(2089858483,0ecaa5967403d082aa24f35e1b516d23) [PhysX] Initialized MultithreadedTaskDispatcher with 24 workers.
 -> (artifact id: '3310b35bc295a93d976b7f33fcbce51c') in 0.017660 seconds
Number of updated asset objects reloaded before import = 0
Number of asset objects unloaded after import = 1
========================================================================
Received Import Request.
  Time since last request: 0.000341 seconds.
  path: Assets/Model/Materials/Lime._wreffR3R3R.mat
  artifactKey: Guid(54889fd831b1c724d96be44344fb2f4b) Importer(2089858483,0ecaa5967403d082aa24f35e1b516d23)
Start importing Assets/Model/Materials/Lime._wreffR3R3R.mat using Guid(54889fd831b1c724d96be44344fb2f4b) Importer(2089858483,0ecaa5967403d082aa24f35e1b516d23) [PhysX] Initialized MultithreadedTaskDispatcher with 24 workers.
 -> (artifact id: '51000697a2cab3af2ac94844b10b2361') in 0.009903 seconds
Number of updated asset objects reloaded before import = 0
Number of asset objects unloaded after import = 1
========================================================================
Received Import Request.
  Time since last request: 0.000078 seconds.
  path: Assets/Model/tex/zhuan05.jpg
  artifactKey: Guid(6007fa2ce7a50be45bee8348f0a85676) Importer(2089858483,0ecaa5967403d082aa24f35e1b516d23)
Start importing Assets/Model/tex/zhuan05.jpg using Guid(6007fa2ce7a50be45bee8348f0a85676) Importer(2089858483,0ecaa5967403d082aa24f35e1b516d23) [PhysX] Initialized MultithreadedTaskDispatcher with 24 workers.
 -> (artifact id: 'a501412c10cc16fc1c25dc80c0d2e97c') in 0.014838 seconds
Number of updated asset objects reloaded before import = 0
Number of asset objects unloaded after import = 1
========================================================================
Received Import Request.
  Time since last request: 0.000028 seconds.
  path: Assets/Model/Materials/timg (8).mat
  artifactKey: Guid(b4940300be07d7d458fbb7be61b1da5b) Importer(2089858483,0ecaa5967403d082aa24f35e1b516d23)
Start importing Assets/Model/Materials/timg (8).mat using Guid(b4940300be07d7d458fbb7be61b1da5b) Importer(2089858483,0ecaa5967403d082aa24f35e1b516d23) [PhysX] Initialized MultithreadedTaskDispatcher with 24 workers.
 -> (artifact id: '2551a10e1736418346653809374f9939') in 0.007490 seconds
Number of updated asset objects reloaded before import = 0
Number of asset objects unloaded after import = 1
========================================================================
Received Import Request.
  Time since last request: 0.000039 seconds.
  path: Assets/Model/tex/tingzhiyuan_02.jpg
  artifactKey: Guid(b013596116a520445902d58e65a10bb4) Importer(2089858483,0ecaa5967403d082aa24f35e1b516d23)
Start importing Assets/Model/tex/tingzhiyuan_02.jpg using Guid(b013596116a520445902d58e65a10bb4) Importer(2089858483,0ecaa5967403d082aa24f35e1b516d23) [PhysX] Initialized MultithreadedTaskDispatcher with 24 workers.
 -> (artifact id: '98e724a507c43e9b5438515b7a6a8e0e') in 0.025180 seconds
Number of updated asset objects reloaded before import = 0
Number of asset objects unloaded after import = 1
========================================================================
Received Import Request.
  Time since last request: 0.000036 seconds.
  path: Assets/Model/Materials/Lime._玻璃ggfg.mat
  artifactKey: Guid(77a30621e26b94249abb11c82675c1dc) Importer(2089858483,0ecaa5967403d082aa24f35e1b516d23)
Start importing Assets/Model/Materials/Lime._玻璃ggfg.mat using Guid(77a30621e26b94249abb11c82675c1dc) Importer(2089858483,0ecaa5967403d082aa24f35e1b516d23) [PhysX] Initialized MultithreadedTaskDispatcher with 24 workers.
 -> (artifact id: '8d9f5408c2b23ba2156802c0eac5d535') in 0.010070 seconds
Number of updated asset objects reloaded before import = 0
Number of asset objects unloaded after import = 1
========================================================================
Received Import Request.
  Time since last request: 0.000071 seconds.
  path: Assets/Model/Materials/Lime._heiseh.mat
  artifactKey: Guid(08e9fee4d8f30c24793a859b076c2ded) Importer(2089858483,0ecaa5967403d082aa24f35e1b516d23)
Start importing Assets/Model/Materials/Lime._heiseh.mat using Guid(08e9fee4d8f30c24793a859b076c2ded) Importer(2089858483,0ecaa5967403d082aa24f35e1b516d23) [PhysX] Initialized MultithreadedTaskDispatcher with 24 workers.
 -> (artifact id: '8affdaf0828b2756b6f7cb59f13203b9') in 0.013646 seconds
Number of updated asset objects reloaded before import = 0
Number of asset objects unloaded after import = 1
========================================================================
Received Import Request.
  Time since last request: 0.000038 seconds.
  path: Assets/Model/Materials/Lime._dce.mat
  artifactKey: Guid(1165a166617157d4e9119007715bdc16) Importer(2089858483,0ecaa5967403d082aa24f35e1b516d23)
Start importing Assets/Model/Materials/Lime._dce.mat using Guid(1165a166617157d4e9119007715bdc16) Importer(2089858483,0ecaa5967403d082aa24f35e1b516d23) [PhysX] Initialized MultithreadedTaskDispatcher with 24 workers.
 -> (artifact id: '8cece6e9baa3d281c66d00596e6c39da') in 0.007142 seconds
Number of updated asset objects reloaded before import = 0
Number of asset objects unloaded after import = 1
========================================================================
Received Import Request.
  Time since last request: 0.000034 seconds.
  path: Assets/Model/Materials/fff_142.mat
  artifactKey: Guid(fe402d72ddd84034bba9be79b40597bf) Importer(2089858483,0ecaa5967403d082aa24f35e1b516d23)
Start importing Assets/Model/Materials/fff_142.mat using Guid(fe402d72ddd84034bba9be79b40597bf) Importer(2089858483,0ecaa5967403d082aa24f35e1b516d23) [PhysX] Initialized MultithreadedTaskDispatcher with 24 workers.
 -> (artifact id: '685f3614784c5a412356fbf8d415c30f') in 0.008497 seconds
Number of updated asset objects reloaded before import = 0
Number of asset objects unloaded after import = 1
========================================================================
Received Import Request.
  Time since last request: 3.589433 seconds.
  path: Assets/Model
  artifactKey: Guid(5e54df35081fd4f4c9b360cac9761de2) Importer(815301076,1909f56bfc062723c751e8b465ee728b)
Start importing Assets/Model using Guid(5e54df35081fd4f4c9b360cac9761de2) Importer(815301076,1909f56bfc062723c751e8b465ee728b) [PhysX] Initialized MultithreadedTaskDispatcher with 24 workers.
 -> (artifact id: '31ec7db85c2a5d9766d1430864288961') in 0.001218 seconds
Number of updated asset objects reloaded before import = 0
Number of asset objects unloaded after import = 0
========================================================================
Received Import Request.
  Time since last request: 0.059978 seconds.
  path: Assets/Model/ancient-chinese-courtyard-park.quads.fbx
  artifactKey: Guid(f7a5384c71aab0542afe16a34e750fe2) Importer(815301076,1909f56bfc062723c751e8b465ee728b)
Start importing Assets/Model/ancient-chinese-courtyard-park.quads.fbx using Guid(f7a5384c71aab0542afe16a34e750fe2) Importer(815301076,1909f56bfc062723c751e8b465ee728b) [PhysX] Initialized MultithreadedTaskDispatcher with 24 workers.
[PhysX] Initialized MultithreadedTaskDispatcher with 24 workers.
[PhysX] Initialized MultithreadedTaskDispatcher with 24 workers.
[PhysX] Initialized MultithreadedTaskDispatcher with 24 workers.
[PhysX] Initialized MultithreadedTaskDispatcher with 24 workers.
[PhysX] Initialized MultithreadedTaskDispatcher with 24 workers.
[PhysX] Initialized MultithreadedTaskDispatcher with 24 workers.
[PhysX] Initialized MultithreadedTaskDispatcher with 24 workers.
[PhysX] Initialized MultithreadedTaskDispatcher with 24 workers.
[PhysX] Initialized MultithreadedTaskDispatcher with 24 workers.
[PhysX] Initialized MultithreadedTaskDispatcher with 24 workers.
[PhysX] Initialized MultithreadedTaskDispatcher with 24 workers.
[PhysX] Initialized MultithreadedTaskDispatcher with 24 workers.
[PhysX] Initialized MultithreadedTaskDispatcher with 24 workers.
[PhysX] Initialized MultithreadedTaskDispatcher with 24 workers.
[PhysX] Initialized MultithreadedTaskDispatcher with 24 workers.
[PhysX] Initialized MultithreadedTaskDispatcher with 24 workers.
[PhysX] Initialized MultithreadedTaskDispatcher with 24 workers.
[PhysX] Initialized MultithreadedTaskDispatcher with 24 workers.
[PhysX] Initialized MultithreadedTaskDispatcher with 24 workers.
[PhysX] Initialized MultithreadedTaskDispatcher with 24 workers.
[PhysX] Initialized MultithreadedTaskDispatcher with 24 workers.
[PhysX] Initialized MultithreadedTaskDispatcher with 24 workers.
[PhysX] Initialized MultithreadedTaskDispatcher with 24 workers.
[PhysX] Initialized MultithreadedTaskDispatcher with 24 workers.
[PhysX] Initialized MultithreadedTaskDispatcher with 24 workers.
[PhysX] Initialized MultithreadedTaskDispatcher with 24 workers.
[PhysX] Initialized MultithreadedTaskDispatcher with 24 workers.
[PhysX] Initialized MultithreadedTaskDispatcher with 24 workers.
[PhysX] Initialized MultithreadedTaskDispatcher with 24 workers.
[PhysX] Initialized MultithreadedTaskDispatcher with 24 workers.
[PhysX] Initialized MultithreadedTaskDispatcher with 24 workers.
[PhysX] Initialized MultithreadedTaskDispatcher with 24 workers.
[PhysX] Initialized MultithreadedTaskDispatcher with 24 workers.
[PhysX] Initialized MultithreadedTaskDispatcher with 24 workers.
[PhysX] Initialized MultithreadedTaskDispatcher with 24 workers.
[PhysX] Initialized MultithreadedTaskDispatcher with 24 workers.
[PhysX] Initialized MultithreadedTaskDispatcher with 24 workers.
[PhysX] Initialized MultithreadedTaskDispatcher with 24 workers.
[PhysX] Initialized MultithreadedTaskDispatcher with 24 workers.
[PhysX] Initialized MultithreadedTaskDispatcher with 24 workers.
[PhysX] Initialized MultithreadedTaskDispatcher with 24 workers.
[PhysX] Initialized MultithreadedTaskDispatcher with 24 workers.
[PhysX] Initialized MultithreadedTaskDispatcher with 24 workers.
[PhysX] Initialized MultithreadedTaskDispatcher with 24 workers.
[PhysX] Initialized MultithreadedTaskDispatcher with 24 workers.
[PhysX] Initialized MultithreadedTaskDispatcher with 24 workers.
[PhysX] Initialized MultithreadedTaskDispatcher with 24 workers.
[PhysX] Initialized MultithreadedTaskDispatcher with 24 workers.
[PhysX] Initialized MultithreadedTaskDispatcher with 24 workers.
[PhysX] Initialized MultithreadedTaskDispatcher with 24 workers.
[PhysX] Initialized MultithreadedTaskDispatcher with 24 workers.
[PhysX] Initialized MultithreadedTaskDispatcher with 24 workers.
[PhysX] Initialized MultithreadedTaskDispatcher with 24 workers.
[PhysX] Initialized MultithreadedTaskDispatcher with 24 workers.
[PhysX] Initialized MultithreadedTaskDispatcher with 24 workers.
[PhysX] Initialized MultithreadedTaskDispatcher with 24 workers.
[PhysX] Initialized MultithreadedTaskDispatcher with 24 workers.
[PhysX] Initialized MultithreadedTaskDispatcher with 24 workers.
[PhysX] Initialized MultithreadedTaskDispatcher with 24 workers.
[PhysX] Initialized MultithreadedTaskDispatcher with 24 workers.
[PhysX] Initialized MultithreadedTaskDispatcher with 24 workers.
[PhysX] Initialized MultithreadedTaskDispatcher with 24 workers.
[PhysX] Initialized MultithreadedTaskDispatcher with 24 workers.
[PhysX] Initialized MultithreadedTaskDispatcher with 24 workers.
[PhysX] Initialized MultithreadedTaskDispatcher with 24 workers.
[PhysX] Initialized MultithreadedTaskDispatcher with 24 workers.
[PhysX] Initialized MultithreadedTaskDispatcher with 24 workers.
[PhysX] Initialized MultithreadedTaskDispatcher with 24 workers.
[PhysX] Initialized MultithreadedTaskDispatcher with 24 workers.
[PhysX] Initialized MultithreadedTaskDispatcher with 24 workers.
[PhysX] Initialized MultithreadedTaskDispatcher with 24 workers.
[PhysX] Initialized MultithreadedTaskDispatcher with 24 workers.
[PhysX] Initialized MultithreadedTaskDispatcher with 24 workers.
[PhysX] Initialized MultithreadedTaskDispatcher with 24 workers.
[PhysX] Initialized MultithreadedTaskDispatcher with 24 workers.
[PhysX] Initialized MultithreadedTaskDispatcher with 24 workers.
[PhysX] Initialized MultithreadedTaskDispatcher with 24 workers.
[PhysX] Initialized MultithreadedTaskDispatcher with 24 workers.
[PhysX] Initialized MultithreadedTaskDispatcher with 24 workers.
 -> (artifact id: '8b2f903acff828e6db293cd7c50b56d2') in 0.606934 seconds
Number of updated asset objects reloaded before import = 0
Number of asset objects unloaded after import = 187
========================================================================
Received Import Request.
  Time since last request: 8257.973219 seconds.
  path: Assets/苏派.unity
  artifactKey: Guid(b88b784561d290a4ca2e03b4e7f09e87) Importer(2089858483,0ecaa5967403d082aa24f35e1b516d23)
Start importing Assets/苏派.unity using Guid(b88b784561d290a4ca2e03b4e7f09e87) Importer(2089858483,0ecaa5967403d082aa24f35e1b516d23) [PhysX] Initialized MultithreadedTaskDispatcher with 24 workers.
 -> (artifact id: 'feb2efa53f33f3a21af0c989432e07c4') in 0.026045 seconds
Number of updated asset objects reloaded before import = 0
Number of asset objects unloaded after import = 1
